2020-05-18 14:13:15,525 — Indig_Parl_Utils — DEBUG — MHT file created: Yukon/mhts/[date_short]34-3-039_0_0.mht
2020-05-18 14:13:22,825 — Indig_Parl_Utils — DEBUG — MHT file created: Yukon/mhts/[date_short]34-3-038_0.mht
2020-05-18 14:13:26,398 — Indig_Parl_Utils — DEBUG — MHT file created: Yukon/mhts/[date_short]3-34-037_1.mht
2020-05-18 14:13:29,920 — Indig_Parl_Utils — DEBUG — MHT file created: Yukon/mhts/[date_short]34-3-036_1.mht
2020-05-18 14:13:33,737 — Indig_Parl_Utils — DEBUG — MHT file created: Yukon/mhts/[date_short]34-3-035.mht
2020-05-18 14:13:37,363 — Indig_Parl_Utils — DEBUG — MHT file created: Yukon/mhts/[date_short]34-3-034_0.mht
2020-05-18 14:13:41,653 — Indig_Parl_Utils — DEBUG — MHT file created: Yukon/mhts/[date_short]34-3-033_2.mht
2020-05-18 14:13:46,007 — Indig_Parl_Utils — DEBUG — MHT file created: Yukon/mhts/[date_short]34-3-032_5.mht
2020-05-18 14:13:50,182 — Indig_Parl_Utils — DEBUG — MHT file created: Yukon/mhts/[date_short]34-3-31_0.mht
2020-05-18 14:13:53,105 — Indig_Parl_Utils — DEBUG — MHT file created: Yukon/mhts/[date_short]34-3-030.mht
2020-05-19 17:59:43,363 — Indig_Parl_Utils — DEBUG — MHT file created: Yukon/mhts/[2020-03-19]34-3-039_0_0.mht
2020-05-19 17:59:50,374 — Indig_Parl_Utils — DEBUG — MHT file created: Yukon/mhts/[2020-03-18]34-3-038_0.mht
2020-05-19 17:59:54,316 — Indig_Parl_Utils — DEBUG — MHT file created: Yukon/mhts/[2020-03-17]3-34-037_1.mht
2020-05-19 17:59:58,122 — Indig_Parl_Utils — DEBUG — MHT file created: Yukon/mhts/[2020-03-16]34-3-036_1.mht
2020-05-19 18:00:02,255 — Indig_Parl_Utils — DEBUG — MHT file created: Yukon/mhts/[2020-03-12]34-3-035.mht
2020-05-19 18:00:06,224 — Indig_Parl_Utils — DEBUG — MHT file created: Yukon/mhts/[2020-03-11]34-3-034_0.mht
2020-05-19 18:00:13,773 — Indig_Parl_Utils — DEBUG — MHT file created: Yukon/mhts/[2020-03-10]34-3-033_2.mht
2020-05-19 18:00:20,685 — Indig_Parl_Utils — DEBUG — MHT file created: Yukon/mhts/[2020-03-09]34-3-032_5.mht
2020-05-19 18:00:25,801 — Indig_Parl_Utils — DEBUG — MHT file created: Yukon/mhts/[2020-03-05]34-3-31_0.mht
2020-05-19 18:00:29,381 — Indig_Parl_Utils — DEBUG — MHT file created: Yukon/mhts/[2019-11-27]34-3-030.mht
2020-05-19 19:10:00,359 — Indig_Parl_Utils — DEBUG — MHT file created: Yukon/mhts/[2020-03-19]34-3-039_0_0.mht
2020-05-19 19:10:07,149 — Indig_Parl_Utils — DEBUG — MHT file created: Yukon/mhts/[2020-03-18]34-3-038_0.mht
2020-05-19 19:10:10,833 — Indig_Parl_Utils — DEBUG — MHT file created: Yukon/mhts/[2020-03-17]3-34-037_1.mht
2020-05-19 19:10:14,482 — Indig_Parl_Utils — DEBUG — MHT file created: Yukon/mhts/[2020-03-16]34-3-036_1.mht
2020-05-19 19:10:18,283 — Indig_Parl_Utils — DEBUG — MHT file created: Yukon/mhts/[2020-03-12]34-3-035.mht
2020-05-19 19:10:21,902 — Indig_Parl_Utils — DEBUG — MHT file created: Yukon/mhts/[2020-03-11]34-3-034_0.mht
2020-05-19 19:10:26,231 — Indig_Parl_Utils — DEBUG — MHT file created: Yukon/mhts/[2020-03-10]34-3-033_2.mht
2020-05-19 19:10:32,129 — Indig_Parl_Utils — DEBUG — MHT file created: Yukon/mhts/[2020-03-09]34-3-032_5.mht
2020-05-19 19:10:36,761 — Indig_Parl_Utils — DEBUG — MHT file created: Yukon/mhts/[2020-03-05]34-3-31_0.mht
2020-05-19 19:10:39,638 — Indig_Parl_Utils — DEBUG — MHT file created: Yukon/mhts/[2019-11-27]34-3-030.mht
